# JRE version: OpenJDK Runtime Environment Temurin-21.0.5+11 (21.0.5+11) (build 21.0.5+11-LTS)
# Java VM: OpenJDK 64-Bit Server VM Temurin-21.0.5+11 (21.0.5+11-LTS, mixed mode, emulated-client, sharing, tiered, compressed oops, compressed class ptrs, g1 gc, windows-amd64)
GC Precious Log:
 CardTable entry size: 512
 Card Set container configuration: InlinePtr #cards 4 size 8 Array Of Cards #cards 16 size 48 Howl #buckets 8 coarsen threshold 3686 Howl Bitmap #cards 512 size 80 coarsen threshold 460 Card regions per heap region 1 cards per card region 4096
 CPUs: 4 total, 4 available
 Memory: 16150M
 Large Page Support: Disabled
 NUMA Support: Disabled
 Compressed Oops: Enabled (Zero based)
 Heap Region Size: 2M
 Heap Min Capacity: 8M
 Heap Initial Capacity: 254M
 Heap Max Capacity: 4038M
 Pre-touch: Disabled
 Parallel Workers: 4
 Concurrent Workers: 1
 Concurrent Refinement Workers: 4
 Periodic GC: Disabled
Heap:
 garbage-first heap   total 102400K, used 89276K [0x0000000703a00000, 0x0000000800000000)
  region size 2048K, 16 young (32768K), 2 survivors (4096K)
 Metaspace       used 90146K, committed 91136K, reserved 1179648K
  class space    used 12130K, committed 12544K, reserved 1048576K
GC Heap History (20 events):
Event: 5050.016 GC heap after
{Heap after GC invocations=72 (full 8):
 garbage-first heap   total 102400K, used 54583K [0x0000000703a00000, 0x0000000800000000)
  region size 2048K, 2 young (4096K), 2 survivors (4096K)
 Metaspace       used 89022K, committed 89920K, reserved 1179648K
  class space    used 12020K, committed 12416K, reserved 1048576K
}
Event: 5152.438 GC heap before
{Heap before GC invocations=72 (full 8):
 garbage-first heap   total 102400K, used 89399K [0x0000000703a00000, 0x0000000800000000)
  region size 2048K, 19 young (38912K), 2 survivors (4096K)
 Metaspace       used 89022K, committed 89920K, reserved 1179648K
  class space    used 12020K, committed 12416K, reserved 1048576K
}
Event: 5152.449 GC heap after
{Heap after GC invocations=73 (full 8):
 garbage-first heap   total 102400K, used 52948K [0x0000000703a00000, 0x0000000800000000)
  region size 2048K, 1 young (2048K), 1 survivors (2048K)
 Metaspace       used 89022K, committed 89920K, reserved 1179648K
  class space    used 12020K, committed 12416K, reserved 1048576K
}
Event: 5266.634 GC heap before
{Heap before GC invocations=73 (full 8):
 garbage-first heap   total 102400K, used 91860K [0x0000000703a00000, 0x0000000800000000)
  region size 2048K, 20 young (40960K), 1 survivors (2048K)
 Metaspace       used 89032K, committed 89920K, reserved 1179648K
  class space    used 12021K, committed 12416K, reserved 1048576K
}
Event: 5266.645 GC heap after
{Heap after GC invocations=74 (full 8):
 garbage-first heap   total 102400K, used 53054K [0x0000000703a00000, 0x0000000800000000)
  region size 2048K, 1 young (2048K), 1 survivors (2048K)
 Metaspace       used 89032K, committed 89920K, reserved 1179648K
  class space    used 12021K, committed 12416K, reserved 1048576K
}
Event: 5380.591 GC heap before
{Heap before GC invocations=75 (full 8):
 garbage-first heap   total 102400K, used 91966K [0x0000000703a00000, 0x0000000800000000)
  region size 2048K, 20 young (40960K), 1 survivors (2048K)
 Metaspace       used 88956K, committed 89920K, reserved 1179648K
  class space    used 12001K, committed 12416K, reserved 1048576K
}
Event: 5380.601 GC heap after
{Heap after GC invocations=76 (full 8):
 garbage-first heap   total 102400K, used 53032K [0x0000000703a00000, 0x0000000800000000)
  region size 2048K, 1 young (2048K), 1 survivors (2048K)
 Metaspace       used 88956K, committed 89920K, reserved 1179648K
  class space    used 12001K, committed 12416K, reserved 1048576K
}
Event: 5494.564 GC heap before
{Heap before GC invocations=76 (full 8):
 garbage-first heap   total 102400K, used 91944K [0x0000000703a00000, 0x0000000800000000)
  region size 2048K, 20 young (40960K), 1 survivors (2048K)
 Metaspace       used 88956K, committed 89920K, reserved 1179648K
  class space    used 12001K, committed 12416K, reserved 1048576K
}
Event: 5494.583 GC heap after
{Heap after GC invocations=77 (full 8):
 garbage-first heap   total 102400K, used 49219K [0x0000000703a00000, 0x0000000800000000)
  region size 2048K, 1 young (2048K), 1 survivors (2048K)
 Metaspace       used 88956K, committed 89920K, reserved 1179648K
  class space    used 12001K, committed 12416K, reserved 1048576K
}
Event: 5580.186 GC heap before
{Heap before GC invocations=77 (full 8):
 garbage-first heap   total 102400K, used 90179K [0x0000000703a00000, 0x0000000800000000)
  region size 2048K, 22 young (45056K), 1 survivors (2048K)
 Metaspace       used 89049K, committed 89984K, reserved 1179648K
  class space    used 12021K, committed 12416K, reserved 1048576K
}
Event: 5580.190 GC heap after
{Heap after GC invocations=78 (full 8):
 garbage-first heap   total 102400K, used 51513K [0x0000000703a00000, 0x0000000800000000)
  region size 2048K, 2 young (4096K), 2 survivors (4096K)
 Metaspace       used 89049K, committed 89984K, reserved 1179648K
  class space    used 12021K, committed 12416K, reserved 1048576K
}
Event: 5580.917 GC heap before
{Heap before GC invocations=79 (full 8):
 garbage-first heap   total 102400K, used 88377K [0x0000000703a00000, 0x0000000800000000)
  region size 2048K, 21 young (43008K), 2 survivors (4096K)
 Metaspace       used 89257K, committed 90240K, reserved 1179648K
  class space    used 12062K, committed 12480K, reserved 1048576K
}
Event: 5580.924 GC heap after
{Heap after GC invocations=80 (full 8):
 garbage-first heap   total 102400K, used 54927K [0x0000000703a00000, 0x0000000800000000)
  region size 2048K, 3 young (6144K), 3 survivors (6144K)
 Metaspace       used 89257K, committed 90240K, reserved 1179648K
  class space    used 12062K, committed 12480K, reserved 1048576K
}
Event: 5608.569 GC heap before
{Heap before GC invocations=80 (full 8):
 garbage-first heap   total 102400K, used 89743K [0x0000000703a00000, 0x0000000800000000)
  region size 2048K, 20 young (40960K), 3 survivors (6144K)
 Metaspace       used 89661K, committed 90688K, reserved 1179648K
  class space    used 12095K, committed 12544K, reserved 1048576K
}
Event: 5608.578 GC heap after
{Heap after GC invocations=81 (full 8):
 garbage-first heap   total 102400K, used 55152K [0x0000000703a00000, 0x0000000800000000)
  region size 2048K, 1 young (2048K), 1 survivors (2048K)
 Metaspace       used 89661K, committed 90688K, reserved 1179648K
  class space    used 12095K, committed 12544K, reserved 1048576K
}
Event: 5646.959 GC heap before
{Heap before GC invocations=81 (full 8):
 garbage-first heap   total 102400K, used 92016K [0x0000000703a00000, 0x0000000800000000)
  region size 2048K, 20 young (40960K), 1 survivors (2048K)
 Metaspace       used 89720K, committed 90752K, reserved 1179648K
  class space    used 12104K, committed 12544K, reserved 1048576K
}
Event: 5646.964 GC heap after
{Heap after GC invocations=82 (full 8):
 garbage-first heap   total 102400K, used 57281K [0x0000000703a00000, 0x0000000800000000)
  region size 2048K, 2 young (4096K), 2 survivors (4096K)
 Metaspace       used 89720K, committed 90752K, reserved 1179648K
  class space    used 12104K, committed 12544K, reserved 1048576K
}
Event: 5648.087 GC heap before
{Heap before GC invocations=83 (full 8):
 garbage-first heap   total 102400K, used 92097K [0x0000000703a00000, 0x0000000800000000)
  region size 2048K, 19 young (38912K), 2 survivors (4096K)
 Metaspace       used 89825K, committed 90816K, reserved 1179648K
  class space    used 12108K, committed 12544K, reserved 1048576K
}
Event: 5648.095 GC heap after
{Heap after GC invocations=84 (full 8):
 garbage-first heap   total 102400K, used 60604K [0x0000000703a00000, 0x0000000800000000)
  region size 2048K, 3 young (6144K), 3 survivors (6144K)
 Metaspace       used 89825K, committed 90816K, reserved 1179648K
  class space    used 12108K, committed 12544K, reserved 1048576K
}
Event: 5678.808 GC heap before
{Heap before GC invocations=84 (full 8):
 garbage-first heap   total 102400K, used 89276K [0x0000000703a00000, 0x0000000800000000)
  region size 2048K, 17 young (34816K), 3 survivors (6144K)
 Metaspace       used 90146K, committed 91136K, reserved 1179648K
  class space    used 12130K, committed 12544K, reserved 1048576K
}

