# JRE version: OpenJDK Runtime Environment Temurin-21.0.5+11 (21.0.5+11) (build 21.0.5+11-LTS)
# Java VM: OpenJDK 64-Bit Server VM Temurin-21.0.5+11 (21.0.5+11-LTS, mixed mode, emulated-client, sharing, tiered, compressed oops, compressed class ptrs, g1 gc, windows-amd64)
GC Precious Log:
 CardTable entry size: 512
 Card Set container configuration: InlinePtr #cards 4 size 8 Array Of Cards #cards 16 size 48 Howl #buckets 8 coarsen threshold 3686 Howl Bitmap #cards 512 size 80 coarsen threshold 460 Card regions per heap region 1 cards per card region 4096
 CPUs: 4 total, 4 available
 Memory: 16150M
 Large Page Support: Disabled
 NUMA Support: Disabled
 Compressed Oops: Enabled (Zero based)
 Heap Region Size: 2M
 Heap Min Capacity: 8M
 Heap Initial Capacity: 254M
 Heap Max Capacity: 4038M
 Pre-touch: Disabled
 Parallel Workers: 4
 Concurrent Workers: 1
 Concurrent Refinement Workers: 4
 Periodic GC: Disabled
Heap:
 garbage-first heap   total 122880K, used 104262K [0x0000000703a00000, 0x0000000800000000)
  region size 2048K, 32 young (65536K), 1 survivors (2048K)
 Metaspace       used 92198K, committed 93376K, reserved 1179648K
  class space    used 12332K, committed 12864K, reserved 1048576K
GC Heap History (20 events):
Event: 3126.786 GC heap after
{Heap after GC invocations=75 (full 13):
 garbage-first heap   total 102400K, used 39138K [0x0000000703a00000, 0x0000000800000000)
  region size 2048K, 3 young (6144K), 3 survivors (6144K)
 Metaspace       used 91636K, committed 92608K, reserved 1179648K
  class space    used 12290K, committed 12736K, reserved 1048576K
}
Event: 3159.846 GC heap before
{Heap before GC invocations=76 (full 13):
 garbage-first heap   total 102400K, used 86242K [0x0000000703a00000, 0x0000000800000000)
  region size 2048K, 26 young (53248K), 3 survivors (6144K)
 Metaspace       used 92101K, committed 93120K, reserved 1179648K
  class space    used 12324K, committed 12800K, reserved 1048576K
}
Event: 3159.852 GC heap after
{Heap after GC invocations=77 (full 13):
 garbage-first heap   total 102400K, used 40849K [0x0000000703a00000, 0x0000000800000000)
  region size 2048K, 2 young (4096K), 2 survivors (4096K)
 Metaspace       used 92101K, committed 93120K, reserved 1179648K
  class space    used 12324K, committed 12800K, reserved 1048576K
}
Event: 3159.869 GC heap before
{Heap before GC invocations=77 (full 13):
 garbage-first heap   total 102400K, used 40849K [0x0000000703a00000, 0x0000000800000000)
  region size 2048K, 3 young (6144K), 2 survivors (4096K)
 Metaspace       used 92104K, committed 93120K, reserved 1179648K
  class space    used 12324K, committed 12800K, reserved 1048576K
}
Event: 3159.926 GC heap after
{Heap after GC invocations=78 (full 14):
 garbage-first heap   total 102400K, used 34635K [0x0000000703a00000, 0x0000000800000000)
  region size 2048K, 0 young (0K), 0 survivors (0K)
 Metaspace       used 92067K, committed 93120K, reserved 1179648K
  class space    used 12319K, committed 12800K, reserved 1048576K
}
Event: 3160.593 GC heap before
{Heap before GC invocations=78 (full 14):
 garbage-first heap   total 102400K, used 85835K [0x0000000703a00000, 0x0000000800000000)
  region size 2048K, 26 young (53248K), 0 survivors (0K)
 Metaspace       used 92268K, committed 93248K, reserved 1179648K
  class space    used 12344K, committed 12800K, reserved 1048576K
}
Event: 3160.598 GC heap after
{Heap after GC invocations=79 (full 14):
 garbage-first heap   total 102400K, used 39774K [0x0000000703a00000, 0x0000000800000000)
  region size 2048K, 3 young (6144K), 3 survivors (6144K)
 Metaspace       used 92268K, committed 93248K, reserved 1179648K
  class space    used 12344K, committed 12800K, reserved 1048576K
}
Event: 3164.980 GC heap before
{Heap before GC invocations=80 (full 14):
 garbage-first heap   total 102400K, used 82782K [0x0000000703a00000, 0x0000000800000000)
  region size 2048K, 25 young (51200K), 3 survivors (6144K)
 Metaspace       used 92756K, committed 93760K, reserved 1179648K
  class space    used 12381K, committed 12864K, reserved 1048576K
}
Event: 3165.047 GC heap after
{Heap after GC invocations=81 (full 15):
 garbage-first heap   total 102400K, used 34375K [0x0000000703a00000, 0x0000000800000000)
  region size 2048K, 0 young (0K), 0 survivors (0K)
 Metaspace       used 91634K, committed 93504K, reserved 1179648K
  class space    used 12283K, committed 12864K, reserved 1048576K
}
Event: 3167.523 GC heap before
{Heap before GC invocations=81 (full 15):
 garbage-first heap   total 102400K, used 87623K [0x0000000703a00000, 0x0000000800000000)
  region size 2048K, 26 young (53248K), 0 survivors (0K)
 Metaspace       used 91833K, committed 93504K, reserved 1179648K
  class space    used 12307K, committed 12864K, reserved 1048576K
}
Event: 3167.528 GC heap after
{Heap after GC invocations=82 (full 15):
 garbage-first heap   total 102400K, used 39512K [0x0000000703a00000, 0x0000000800000000)
  region size 2048K, 3 young (6144K), 3 survivors (6144K)
 Metaspace       used 91833K, committed 93504K, reserved 1179648K
  class space    used 12307K, committed 12864K, reserved 1048576K
}
Event: 3169.576 GC heap before
{Heap before GC invocations=83 (full 15):
 garbage-first heap   total 102400K, used 82520K [0x0000000703a00000, 0x0000000800000000)
  region size 2048K, 25 young (51200K), 3 survivors (6144K)
 Metaspace       used 92324K, committed 93504K, reserved 1179648K
  class space    used 12345K, committed 12864K, reserved 1048576K
}
Event: 3169.640 GC heap after
{Heap after GC invocations=84 (full 16):
 garbage-first heap   total 102400K, used 34460K [0x0000000703a00000, 0x0000000800000000)
  region size 2048K, 0 young (0K), 0 survivors (0K)
 Metaspace       used 91739K, committed 93312K, reserved 1179648K
  class space    used 12296K, committed 12864K, reserved 1048576K
}
Event: 3171.330 GC heap before
{Heap before GC invocations=84 (full 16):
 garbage-first heap   total 102400K, used 85660K [0x0000000703a00000, 0x0000000800000000)
  region size 2048K, 26 young (53248K), 0 survivors (0K)
 Metaspace       used 91946K, committed 93312K, reserved 1179648K
  class space    used 12320K, committed 12864K, reserved 1048576K
}
Event: 3171.335 GC heap after
{Heap after GC invocations=85 (full 16):
 garbage-first heap   total 262144K, used 39692K [0x0000000703a00000, 0x0000000800000000)
  region size 2048K, 3 young (6144K), 3 survivors (6144K)
 Metaspace       used 91946K, committed 93312K, reserved 1179648K
  class space    used 12320K, committed 12864K, reserved 1048576K
}
Event: 3251.749 GC heap before
{Heap before GC invocations=86 (full 16):
 garbage-first heap   total 143360K, used 97036K [0x0000000703a00000, 0x0000000800000000)
  region size 2048K, 32 young (65536K), 3 survivors (6144K)
 Metaspace       used 92473K, committed 93504K, reserved 1179648K
  class space    used 12363K, committed 12864K, reserved 1048576K
}
Event: 3251.840 GC heap after
{Heap after GC invocations=87 (full 17):
 garbage-first heap   total 122880K, used 34829K [0x0000000703a00000, 0x0000000800000000)
  region size 2048K, 0 young (0K), 0 survivors (0K)
 Metaspace       used 91667K, committed 93376K, reserved 1179648K
  class space    used 12298K, committed 12864K, reserved 1048576K
}
Event: 3253.940 GC heap before
{Heap before GC invocations=87 (full 17):
 garbage-first heap   total 122880K, used 100365K [0x0000000703a00000, 0x0000000800000000)
  region size 2048K, 33 young (67584K), 0 survivors (0K)
 Metaspace       used 92068K, committed 93376K, reserved 1179648K
  class space    used 12337K, committed 12864K, reserved 1048576K
}
Event: 3253.946 GC heap after
{Heap after GC invocations=88 (full 17):
 garbage-first heap   total 122880K, used 40774K [0x0000000703a00000, 0x0000000800000000)
  region size 2048K, 3 young (6144K), 3 survivors (6144K)
 Metaspace       used 92068K, committed 93376K, reserved 1179648K
  class space    used 12337K, committed 12864K, reserved 1048576K
}
Event: 3772.340 GC heap before
{Heap before GC invocations=89 (full 17):
 garbage-first heap   total 122880K, used 104262K [0x0000000703a00000, 0x0000000800000000)
  region size 2048K, 34 young (69632K), 3 survivors (6144K)
 Metaspace       used 92198K, committed 93376K, reserved 1179648K
  class space    used 12332K, committed 12864K, reserved 1048576K
}

